<?xml version="1.0" encoding="UTF-8"?>
<testsuite xmlns:xsi="http://www.w3.org/2001/XMLSchema-instance" xsi:noNamespaceSchemaLocation="https://maven.apache.org/surefire/maven-surefire-plugin/xsd/surefire-test-report.xsd" name="RemoveUserTest" time="0.07" tests="2" errors="0" skipped="0" failures="0">
  <properties>
[...]
</properties>
  <testcase name="testRemoveUser_existingUser_removesUser" classname="RemoveUserTest" time="0.001"/>
  <testcase name="testViewUsers_returnsListOfUsers" classname="RemoveUserTest" time="0.069"/>
</testsuite>